nohup: ignoring input
/data1/gushengda/alpha-zero-general/othello/pytorch/NNet.py:293: FutureWarning: You are using `torch.load` with `weights_only=False` (the current default value), which uses the default pickle module implicitly. It is possible to construct malicious pickle data which will execute arbitrary code during unpickling (See https://github.com/pytorch/pytorch/blob/main/SECURITY.md#untrusted-models for more details). In a future release, the default value for `weights_only` will be flipped to `True`. This limits the functions that could be executed during unpickling. Arbitrary objects will no longer be allowed to be loaded via this mode unless they are explicitly allowlisted by the user via `torch.serialization.add_safe_globals`. We recommend you start setting `weights_only=True` for any use case where you don't have full control of the loaded file. Please open an issue on GitHub for any issues related to this experimental feature.
  checkpoint = torch.load(filepath, map_location=map_location)
baseline vs random (sims=25): result=(198, 2, 0), time=220.92s
baseline vs greedy (sims=25): result=(191, 9, 0), time=233.58s
baseline vs random (sims=50): result=(200, 0, 0), time=433.13s
baseline vs greedy (sims=50): result=(199, 1, 0), time=480.08s
baseline vs alphabeta(d=3) (sims=25): result=(107, 93, 0), time=1747.84s
dyn_only vs alphabeta(d=3) (sims=25): result=(101, 99, 0), time=1707.79s
sym_only vs alphabeta(d=3) (sims=25): result=(85, 115, 0), time=1861.17s
dyn_sym vs alphabeta(d=3) (sims=25): result=(94, 106, 0), time=1765.31s
baseline vs alphabeta(d=3) (sims=50): result=(115, 85, 0), time=1989.39s
dyn_only vs alphabeta(d=3) (sims=50): result=(84, 116, 0), time=2019.42s
sym_only vs alphabeta(d=3) (sims=50): result=(150, 50, 0), time=2169.86s
dyn_sym vs alphabeta(d=3) (sims=50): result=(158, 42, 0), time=1984.14s
baseline vs alphabeta(d=3) (sims=75): result=(146, 54, 0), time=2261.29s
dyn_only vs alphabeta(d=3) (sims=75): result=(150, 50, 0), time=2439.48s
sym_only vs alphabeta(d=3) (sims=75): result=(118, 82, 0), time=2250.73s
dyn_sym vs alphabeta(d=3) (sims=75): result=(111, 89, 0), time=2410.32s
baseline vs alphabeta(d=3) (sims=100): result=(139, 61, 0), time=2294.36s
dyn_only vs alphabeta(d=3) (sims=100): result=(138, 62, 0), time=2535.81s
sym_only vs alphabeta(d=3) (sims=100): result=(114, 86, 0), time=2690.56s
dyn_sym vs alphabeta(d=3) (sims=100): result=(124, 76, 0), time=2803.30s
baseline vs dyn_only (sims=25): result=(103, 97, 0), time=449.07s
baseline vs sym_only (sims=25): result=(101, 99, 0), time=476.23s
baseline vs dyn_sym (sims=25): result=(118, 82, 0), time=571.11s
baseline vs dyn_only (sims=50): result=(94, 106, 0), time=1060.48s
baseline vs sym_only (sims=50): result=(96, 104, 0), time=1155.19s
baseline vs dyn_sym (sims=50): result=(108, 92, 0), time=1150.41s
baseline vs dyn_only (sims=75): result=(89, 111, 0), time=1745.79s
baseline vs sym_only (sims=75): result=(104, 96, 0), time=1636.03s
baseline vs dyn_sym (sims=75): result=(90, 110, 0), time=1787.13s
baseline vs dyn_only (sims=100): result=(94, 106, 0), time=2331.55s
baseline vs sym_only (sims=100): result=(93, 107, 0), time=2310.93s
baseline vs dyn_sym (sims=100): result=(114, 86, 0), time=2500.82s
