nohup: ignoring input
/data1/gushengda/alpha-zero-general/othello/pytorch/NNet.py:293: FutureWarning: You are using `torch.load` with `weights_only=False` (the current default value), which uses the default pickle module implicitly. It is possible to construct malicious pickle data which will execute arbitrary code during unpickling (See https://github.com/pytorch/pytorch/blob/main/SECURITY.md#untrusted-models for more details). In a future release, the default value for `weights_only` will be flipped to `True`. This limits the functions that could be executed during unpickling. Arbitrary objects will no longer be allowed to be loaded via this mode unless they are explicitly allowlisted by the user via `torch.serialization.add_safe_globals`. We recommend you start setting `weights_only=True` for any use case where you don't have full control of the loaded file. Please open an issue on GitHub for any issues related to this experimental feature.
  checkpoint = torch.load(filepath, map_location=map_location)
baseline vs random (sims=50): result=(99, 1, 0), time=218.72s
baseline vs greedy (sims=50): result=(100, 0, 0), time=232.64s
dyn_only vs random (sims=50): result=(99, 1, 0), time=227.67s
dyn_only vs greedy (sims=50): result=(100, 0, 0), time=263.62s
sym_only vs random (sims=50): result=(99, 1, 0), time=246.98s
sym_only vs greedy (sims=50): result=(100, 0, 0), time=265.21s
dyn_sym vs random (sims=50): result=(100, 0, 0), time=259.09s
dyn_sym vs greedy (sims=50): result=(100, 0, 0), time=292.95s
baseline vs random (sims=100): result=(100, 0, 0), time=431.64s
baseline vs greedy (sims=100): result=(100, 0, 0), time=487.44s
dyn_only vs random (sims=100): result=(99, 1, 0), time=464.56s
dyn_only vs greedy (sims=100): result=(98, 2, 0), time=534.32s
sym_only vs random (sims=100): result=(100, 0, 0), time=483.93s
sym_only vs greedy (sims=100): result=(100, 0, 0), time=528.64s
dyn_sym vs random (sims=100): result=(100, 0, 0), time=521.89s
dyn_sym vs greedy (sims=100): result=(100, 0, 0), time=581.22s
baseline vs random (sims=200): result=(100, 0, 0), time=871.68s
baseline vs greedy (sims=200): result=(100, 0, 0), time=966.10s
dyn_only vs random (sims=200): result=(100, 0, 0), time=1001.77s
dyn_only vs greedy (sims=200): result=(97, 3, 0), time=1242.01s
sym_only vs random (sims=200): result=(100, 0, 0), time=1054.40s
sym_only vs greedy (sims=200): result=(100, 0, 0), time=1189.22s
dyn_sym vs random (sims=200): result=(100, 0, 0), time=1206.86s
dyn_sym vs greedy (sims=200): result=(100, 0, 0), time=1202.75s
baseline vs random (sims=400): result=(98, 2, 0), time=1773.69s
baseline vs greedy (sims=400): result=(100, 0, 0), time=2182.55s
dyn_only vs random (sims=400): result=(100, 0, 0), time=2030.85s
dyn_only vs greedy (sims=400): result=(100, 0, 0), time=2495.12s
sym_only vs random (sims=400): result=(100, 0, 0), time=2226.60s
sym_only vs greedy (sims=400): result=(74, 26, 0), time=2121.28s
dyn_sym vs random (sims=400): result=(99, 1, 0), time=2492.50s
dyn_sym vs greedy (sims=400): result=(100, 0, 0), time=2837.02s
baseline vs alphabeta(d=3) (sims=50): result=(55, 45, 0), time=1050.06s
dyn_only vs alphabeta(d=3) (sims=50): result=(60, 40, 0), time=1038.99s
sym_only vs alphabeta(d=3) (sims=50): result=(70, 30, 0), time=1157.06s
dyn_sym vs alphabeta(d=3) (sims=50): result=(64, 36, 0), time=1165.60s
baseline vs alphabeta(d=3) (sims=100): result=(68, 32, 0), time=1160.47s
dyn_only vs alphabeta(d=3) (sims=100): result=(74, 26, 0), time=1252.51s
sym_only vs alphabeta(d=3) (sims=100): result=(61, 39, 0), time=1382.25s
dyn_sym vs alphabeta(d=3) (sims=100): result=(69, 31, 0), time=1371.59s
baseline vs alphabeta(d=3) (sims=200): result=(48, 52, 0), time=1713.23s
dyn_only vs alphabeta(d=3) (sims=200): result=(73, 27, 0), time=1830.53s
sym_only vs alphabeta(d=3) (sims=200): result=(40, 60, 0), time=1772.79s
dyn_sym vs alphabeta(d=3) (sims=200): result=(64, 36, 0), time=1858.84s
baseline vs alphabeta(d=3) (sims=400): result=(70, 30, 0), time=2721.47s
dyn_only vs alphabeta(d=3) (sims=400): result=(57, 43, 0), time=2879.75s
sym_only vs alphabeta(d=3) (sims=400): result=(64, 36, 0), time=3031.63s
dyn_sym vs alphabeta(d=3) (sims=400): result=(40, 60, 0), time=3312.79s
baseline vs baseline (sims=50): result=(42, 58, 0), time=454.19s
baseline vs dyn_only (sims=50): result=(58, 42, 0), time=482.82s
baseline vs sym_only (sims=50): result=(47, 53, 0), time=495.17s
baseline vs dyn_sym (sims=50): result=(47, 53, 0), time=537.21s
baseline vs baseline (sims=100): result=(42, 58, 0), time=1009.36s
baseline vs dyn_only (sims=100): result=(56, 44, 0), time=986.28s
baseline vs sym_only (sims=100): result=(52, 48, 0), time=1092.31s
baseline vs dyn_sym (sims=100): result=(56, 44, 0), time=1165.59s
baseline vs baseline (sims=200): result=(46, 54, 0), time=2156.60s
baseline vs dyn_only (sims=200): result=(56, 44, 0), time=2248.05s
baseline vs sym_only (sims=200): result=(60, 40, 0), time=2289.83s
baseline vs dyn_sym (sims=200): result=(56, 44, 0), time=2433.93s
